  '\\wsl.localhost\Ubuntu\home\lysander\signalwire\mod_core\build'
  CMD.EXE was started with the above path as the current directory.
  UNC paths are not supported.  Defaulting to Windows directory.
  Building Custom Rule //wsl.localhost/Ubuntu/home/lysander/signalwire/mod_core/CMakeLists.txt
C:\Program Files\Microsoft Visual Studio\2022\Community\MSBuild\Microsoft\VC\v170\Microsoft.CppCommon.targets(254,5): warning MSB8064: Custom build for item "\\wsl.localhost\Ubuntu\home\lysander\signalwire\mod_core\CMakeLists.txt" succeeded, but specified dependency "\\wsl.localhost\ubuntu\home\lysander\signalwire\mod_core\cmakelists.txt" does not exist. This may cause incremental build to work incorrectly.
C:\Program Files\Microsoft Visual Studio\2022\Community\MSBuild\Microsoft\VC\v170\Microsoft.CppCommon.targets(254,5): warning MSB8064: Custom build for item "\\wsl.localhost\Ubuntu\home\lysander\signalwire\mod_core\CMakeLists.txt" succeeded, but specified dependency "\\wsl.localhost\ubuntu\home\lysander\signalwire\mod_core\build\cmakefiles\3.30.5-msvc23\cmakecsharpcompiler.cmake" does not exist. This may cause incremental build to work incorrectly.
C:\Program Files\Microsoft Visual Studio\2022\Community\MSBuild\Microsoft\VC\v170\Microsoft.CppCommon.targets(254,5): warning MSB8064: Custom build for item "\\wsl.localhost\Ubuntu\home\lysander\signalwire\mod_core\CMakeLists.txt" succeeded, but specified dependency "\\wsl.localhost\ubuntu\home\lysander\signalwire\mod_core\build\cmakefiles\3.30.5-msvc23\cmakecxxcompiler.cmake" does not exist. This may cause incremental build to work incorrectly.
C:\Program Files\Microsoft Visual Studio\2022\Community\MSBuild\Microsoft\VC\v170\Microsoft.CppCommon.targets(254,5): warning MSB8064: Custom build for item "\\wsl.localhost\Ubuntu\home\lysander\signalwire\mod_core\CMakeLists.txt" succeeded, but specified dependency "\\wsl.localhost\ubuntu\home\lysander\signalwire\mod_core\build\cmakefiles\3.30.5-msvc23\cmakerccompiler.cmake" does not exist. This may cause incremental build to work incorrectly.
C:\Program Files\Microsoft Visual Studio\2022\Community\MSBuild\Microsoft\VC\v170\Microsoft.CppCommon.targets(254,5): warning MSB8064: Custom build for item "\\wsl.localhost\Ubuntu\home\lysander\signalwire\mod_core\CMakeLists.txt" succeeded, but specified dependency "\\wsl.localhost\ubuntu\home\lysander\signalwire\mod_core\build\cmakefiles\3.30.5-msvc23\cmakesystem.cmake" does not exist. This may cause incremental build to work incorrectly.
C:\Program Files\Microsoft Visual Studio\2022\Community\MSBuild\Microsoft\VC\v170\Microsoft.CppCommon.targets(254,5): warning MSB8065: Custom build for item "\\wsl.localhost\Ubuntu\home\lysander\signalwire\mod_core\CMakeLists.txt" succeeded, but specified output "\\wsl.localhost\ubuntu\home\lysander\signalwire\mod_core\build\cmakefiles\generate.stamp" has not been created. This may cause incremental build to work incorrectly.
  mod_core.cpp
\\wsl.localhost\Ubuntu\home\lysander\signalwire\mod_core\mod_core.cpp(1,10): error C1083: Cannot open include file: 'switch.h': No such file or directory
  freeswitch_core.cpp
\\wsl.localhost\Ubuntu\home\lysander\signalwire\mod_core\freeswitch_core.cpp(1,10): error C1083: Cannot open include file: 'switch.h': No such file or directory
  freeswitch_wrap.cxx
\\wsl.localhost\Ubuntu\home\lysander\signalwire\mod_core\freeswitch_wrap.cxx(361,10): error C1083: Cannot open include file: 'switch.h': No such file or directory
  Generating Code...
